0 verbose cli C:\Program Files\nodejs\node.exe C:\Program Files\nodejs\node_modules\npm\bin\npm-cli.js
1 info using npm@11.11.0
2 info using node@v24.14.1
3 silly config load:file:C:\Program Files\nodejs\node_modules\npm\npmrc
4 silly config load:file:D:\A-TODO\CODIGOS\M.E\.npmrc
5 silly config load:file:C:\Users\Vgome\.npmrc
6 silly config load:file:C:\Users\Vgome\AppData\Roaming\npm\etc\npmrc
7 verbose title npm exec playwright --help
8 verbose argv "exec" "--yes" "--" "playwright" "--help"
9 verbose logfile logs-max:10 dir:D:\A-TODO\CODIGOS\M.E\.npm-cache\_logs\2026-05-03T05_36_41_300Z-
10 verbose logfile D:\A-TODO\CODIGOS\M.E\.npm-cache\_logs\2026-05-03T05_36_41_300Z-debug-0.log
11 silly logfile done cleaning log files
12 silly packumentCache heap:4496293888 maxSize:1124073472 maxEntrySize:562036736
13 http fetch GET 200 https://registry.npmjs.org/npm 260ms
14 http fetch GET 200 https://registry.npmjs.org/playwright 507ms (cache miss)
15 silly packumentCache heap:4496293888 maxSize:1124073472 maxEntrySize:562036736
16 silly packumentCache heap:4496293888 maxSize:1124073472 maxEntrySize:562036736
17 silly idealTree buildDeps
18 silly fetch manifest playwright@1.59.1
19 silly packumentCache full:https://registry.npmjs.org/playwright cache-miss
20 http fetch GET 200 https://registry.npmjs.org/playwright 387ms (cache miss)
21 silly packumentCache full:https://registry.npmjs.org/playwright set size:undefined disposed:false
22 silly placeDep ROOT playwright@1.59.1 OK for:  want: 1.59.1
23 silly fetch manifest playwright-core@1.59.1
24 silly packumentCache full:https://registry.npmjs.org/playwright-core cache-miss
25 silly fetch manifest fsevents@2.3.2
26 silly packumentCache full:https://registry.npmjs.org/fsevents cache-miss
27 http fetch GET 200 https://registry.npmjs.org/fsevents 157ms (cache miss)
28 silly packumentCache full:https://registry.npmjs.org/fsevents set size:undefined disposed:false
29 http fetch GET 200 https://registry.npmjs.org/playwright-core 350ms (cache miss)
30 silly packumentCache full:https://registry.npmjs.org/playwright-core set size:undefined disposed:false
31 silly placeDep ROOT fsevents@2.3.2 OK for: playwright@1.59.1 want: 2.3.2
32 silly placeDep ROOT playwright-core@1.59.1 OK for: playwright@1.59.1 want: 1.59.1
33 silly reify moves {}
34 silly audit bulk request {
34 silly audit   playwright: [ '1.59.1' ],
34 silly audit   fsevents: [ '2.3.2' ],
34 silly audit   'playwright-core': [ '1.59.1' ]
34 silly audit }
35 http cache playwright@https://registry.npmjs.org/playwright/-/playwright-1.59.1.tgz 0ms (cache hit)
36 http cache playwright-core@https://registry.npmjs.org/playwright-core/-/playwright-core-1.59.1.tgz 0ms (cache hit)
37 silly tarball no local data for playwright@https://registry.npmjs.org/playwright/-/playwright-1.59.1.tgz. Extracting by manifest.
38 silly tarball no local data for playwright-core@https://registry.npmjs.org/playwright-core/-/playwright-core-1.59.1.tgz. Extracting by manifest.
39 http fetch POST 200 https://registry.npmjs.org/-/npm/v1/security/advisories/bulk 140ms
40 silly audit report {}
41 http fetch GET 200 https://registry.npmjs.org/playwright/-/playwright-1.59.1.tgz 475ms (cache miss)
42 http fetch GET 200 https://registry.npmjs.org/playwright-core/-/playwright-core-1.59.1.tgz 1788ms (cache miss)
43 verbose cwd D:\A-TODO\CODIGOS\M.E
44 verbose os Windows_NT 10.0.26200
45 verbose node v24.14.1
46 verbose npm  v11.11.0
47 notice
47 notice New minor version of npm available! 11.11.0 -> 11.13.0
47 notice Changelog: https://github.com/npm/cli/releases/tag/v11.13.0
47 notice To update run: npm install -g npm@11.13.0
47 notice  { force: true, Symbol(proc-log.meta): true }
48 verbose exit 0
49 info ok
