0 verbose cli C:\Program Files\nodejs\node.exe C:\Program Files\nodejs\node_modules\npm\bin\npm-cli.js
1 info using npm@11.11.0
2 info using node@v24.14.1
3 silly config load:file:C:\Program Files\nodejs\node_modules\npm\npmrc
4 silly config load:file:D:\A-TODO\CODIGOS\M.E\.npmrc
5 silly config load:file:C:\Users\Vgome\.npmrc
6 silly config load:file:C:\Users\Vgome\AppData\Roaming\npm\etc\npmrc
7 verbose title npm exec playwright open --help
8 verbose argv "exec" "--yes" "--" "playwright" "open" "--help"
9 verbose logfile logs-max:10 dir:D:\A-TODO\CODIGOS\M.E\.npm-cache\_logs\2026-05-03T05_37_16_919Z-
10 verbose logfile D:\A-TODO\CODIGOS\M.E\.npm-cache\_logs\2026-05-03T05_37_16_919Z-debug-0.log
11 silly logfile done cleaning log files
12 silly packumentCache heap:4496293888 maxSize:1124073472 maxEntrySize:562036736
13 http fetch GET 200 https://registry.npmjs.org/playwright 128ms (cache revalidated)
14 silly packumentCache heap:4496293888 maxSize:1124073472 maxEntrySize:562036736
15 silly packumentCache heap:4496293888 maxSize:1124073472 maxEntrySize:562036736
16 verbose cwd D:\A-TODO\CODIGOS\M.E
17 verbose os Windows_NT 10.0.26200
18 verbose node v24.14.1
19 verbose npm  v11.11.0
20 verbose exit 0
21 info ok
